Traceback (most recent call last):
  File "/ictstr01/home/icb/alessandro.palma/environment/scFM_density_estimation/experiments/differential_abundance/scRatio_sweeps/train_scRatio.py", line 200, in <module>
    main()
  File "/home/icb/alessandro.palma/miniconda3/envs/scRatio/lib/python3.10/site-packages/hydra/main.py", line 94, in decorated_main
    _run_hydra(
  File "/home/icb/alessandro.palma/miniconda3/envs/scRatio/lib/python3.10/site-packages/hydra/_internal/utils.py", line 394, in _run_hydra
    _run_app(
  File "/home/icb/alessandro.palma/miniconda3/envs/scRatio/lib/python3.10/site-packages/hydra/_internal/utils.py", line 465, in _run_app
    run_and_report(
  File "/home/icb/alessandro.palma/miniconda3/envs/scRatio/lib/python3.10/site-packages/hydra/_internal/utils.py", line 223, in run_and_report
    raise ex
  File "/home/icb/alessandro.palma/miniconda3/envs/scRatio/lib/python3.10/site-packages/hydra/_internal/utils.py", line 220, in run_and_report
    return func()
  File "/home/icb/alessandro.palma/miniconda3/envs/scRatio/lib/python3.10/site-packages/hydra/_internal/utils.py", line 466, in <lambda>
    lambda: hydra.multirun(
  File "/home/icb/alessandro.palma/miniconda3/envs/scRatio/lib/python3.10/site-packages/hydra/_internal/hydra.py", line 162, in multirun
    ret = sweeper.sweep(arguments=task_overrides)
  File "/home/icb/alessandro.palma/miniconda3/envs/scRatio/lib/python3.10/site-packages/hydra/_internal/core_plugins/basic_sweeper.py", line 177, in sweep
    results = self.launcher.launch(batch, initial_job_idx=initial_job_idx)
  File "/home/icb/alessandro.palma/miniconda3/envs/scRatio/lib/python3.10/site-packages/hydra_plugins/hydra_submitit_launcher/submitit_launcher.py", line 146, in launch
    return [j.results()[0] for j in jobs]
  File "/home/icb/alessandro.palma/miniconda3/envs/scRatio/lib/python3.10/site-packages/hydra_plugins/hydra_submitit_launcher/submitit_launcher.py", line 146, in <listcomp>
    return [j.results()[0] for j in jobs]
  File "/home/icb/alessandro.palma/miniconda3/envs/scRatio/lib/python3.10/site-packages/submitit/core/core.py", line 290, in results
    outcome, result = self._get_outcome_and_result()
  File "/home/icb/alessandro.palma/miniconda3/envs/scRatio/lib/python3.10/site-packages/submitit/core/core.py", line 385, in _get_outcome_and_result
    raise utils.UncompletedJobError("\n".join(message))
submitit.core.utils.UncompletedJobError: Job 33572730 (task: 0) with path /ictstr01/home/icb/alessandro.palma/environment/scFM_density_estimation/experiments/differential_abundance/scRatio_sweeps/multirun/2026-01-27/10-42-56/.submitit/33572730/33572730_0_result.pkl
has not produced any output (state: COMPLETED)
No error stream produced. Look at stdout: /ictstr01/home/icb/alessandro.palma/environment/scFM_density_estimation/experiments/differential_abundance/scRatio_sweeps/multirun/2026-01-27/10-42-56/.submitit/33572730/33572730_0_log.out
----------------------------------------
submitit INFO (2026-01-27 10:42:58,941) - Starting with JobEnvironment(job_id=33572730, hostname=gpusrv38.scidom.de, local_rank=0(1), node=0(1), global_rank=0(1))
submitit INFO (2026-01-27 10:42:58,942) - Loading pickle: /ictstr01/home/icb/alessandro.palma/environment/scFM_density_estimation/experiments/differential_abundance/scRatio_sweeps/multirun/2026-01-27/10-42-56/.submitit/33572730/33572730_submitted.pkl

